TN:
SF:src/baseApi.ts
FN:13,(anonymous_0)
FN:21,(anonymous_1)
FN:29,(anonymous_2)
FNF:3
FNH:3
FNDA:1,(anonymous_0)
FNDA:1,(anonymous_1)
FNDA:1,(anonymous_2)
DA:1,1
DA:3,1
DA:4,1
DA:6,1
DA:8,1
DA:13,1
DA:16,1
DA:21,1
DA:24,1
DA:29,1
LF:10
LH:10
BRF:0
BRH:0
end_of_record
TN:
SF:src/moxieApi.ts
FN:10,(anonymous_0)
FN:12,(anonymous_1)
FN:19,(anonymous_2)
FN:23,(anonymous_3)
FN:31,(anonymous_4)
FN:42,(anonymous_5)
FN:49,(anonymous_6)
FN:56,(anonymous_7)
FN:60,(anonymous_8)
FN:64,(anonymous_9)
FN:67,(anonymous_10)
FNF:11
FNH:11
FNDA:1,(anonymous_0)
FNDA:1,(anonymous_1)
FNDA:2,(anonymous_2)
FNDA:1,(anonymous_3)
FNDA:1,(anonymous_4)
FNDA:1,(anonymous_5)
FNDA:1,(anonymous_6)
FNDA:1,(anonymous_7)
FNDA:1,(anonymous_8)
FNDA:1,(anonymous_9)
FNDA:1,(anonymous_10)
DA:1,1
DA:9,1
DA:10,1
DA:12,1
DA:19,2
DA:24,1
DA:31,1
DA:42,1
DA:49,1
DA:56,1
DA:60,1
DA:64,1
DA:68,1
LF:13
LH:13
BRDA:24,0,0,1
BRDA:24,0,1,0
BRDA:60,1,0,1
BRDA:60,1,1,1
BRDA:68,2,0,1
BRDA:68,2,1,0
BRF:6
BRH:4
end_of_record
TN:
SF:src/test-utils.ts
FN:4,setupApiStore
FN:10,(anonymous_1)
FNF:2
FNH:2
FNDA:1,setupApiStore
FNDA:1,(anonymous_1)
DA:1,1
DA:4,1
DA:5,1
DA:10,1
DA:13,1
LF:5
LH:5
BRF:0
BRH:0
end_of_record
