{"/Users/christian.leovido/learning/moxito-react-native/apps/feature/moxieSlice.ts": {"path":"/Users/christian.leovido/learning/moxito-react-native/apps/feature/moxieSlice.ts","statementMap":{"0":{"start":{"line":1,"column":0},"end":{"line":1,"column":67}},"1":{"start":{"line":14,"column":33},"end":{"line":23,"column":2}},"2":{"start":{"line":25,"column":13},"end":{"line":54,"column":3}},"3":{"start":{"line":30,"column":6},"end":{"line":30,"column":44}},"4":{"start":{"line":33,"column":6},"end":{"line":33,"column":46}},"5":{"start":{"line":36,"column":6},"end":{"line":36,"column":44}},"6":{"start":{"line":39,"column":6},"end":{"line":39,"column":49}},"7":{"start":{"line":42,"column":6},"end":{"line":42,"column":50}},"8":{"start":{"line":45,"column":6},"end":{"line":45,"column":57}},"9":{"start":{"line":48,"column":6},"end":{"line":48,"column":45}},"10":{"start":{"line":51,"column":6},"end":{"line":51,"column":35}},"11":{"start":{"line":56,"column":13},"end":{"line":64,"column":null}},"12":{"start":{"line":67,"column":13},"end":{"line":67,"column":47}}},"fnMap":{"0":{"name":"(anonymous_0)","decl":{"start":{"line":29,"column":23},"end":{"line":29,"column":24}},"loc":{"start":{"line":29,"column":64},"end":{"line":31,"column":5}}},"1":{"name":"(anonymous_1)","decl":{"start":{"line":32,"column":23},"end":{"line":32,"column":24}},"loc":{"start":{"line":32,"column":65},"end":{"line":34,"column":5}}},"2":{"name":"(anonymous_2)","decl":{"start":{"line":35,"column":21},"end":{"line":35,"column":22}},"loc":{"start":{"line":35,"column":63},"end":{"line":37,"column":5}}},"3":{"name":"(anonymous_3)","decl":{"start":{"line":38,"column":26},"end":{"line":38,"column":27}},"loc":{"start":{"line":38,"column":68},"end":{"line":40,"column":5}}},"4":{"name":"(anonymous_4)","decl":{"start":{"line":41,"column":27},"end":{"line":41,"column":28}},"loc":{"start":{"line":41,"column":69},"end":{"line":43,"column":5}}},"5":{"name":"(anonymous_5)","decl":{"start":{"line":44,"column":34},"end":{"line":44,"column":35}},"loc":{"start":{"line":44,"column":76},"end":{"line":46,"column":5}}},"6":{"name":"(anonymous_6)","decl":{"start":{"line":47,"column":24},"end":{"line":47,"column":25}},"loc":{"start":{"line":47,"column":65},"end":{"line":49,"column":5}}},"7":{"name":"(anonymous_7)","decl":{"start":{"line":50,"column":14},"end":{"line":50,"column":15}},"loc":{"start":{"line":50,"column":62},"end":{"line":52,"column":5}}}},"branchMap":{},"s":{"0":1,"1":1,"2":1,"3":1,"4":1,"5":1,"6":1,"7":1,"8":1,"9":1,"10":3,"11":1,"12":1},"f":{"0":1,"1":1,"2":1,"3":1,"4":1,"5":1,"6":1,"7":3},"b":{}}
}
