<?xml version="1.0" encoding="UTF-8"?>
<coverage generated="1764764112709" clover="3.2.0">
  <project timestamp="1764764112709" name="All files">
    <metrics statements="28" coveredstatements="28" conditionals="47" coveredconditionals="46" methods="8" coveredmethods="8" elements="83" coveredelements="82" complexity="0" loc="28" ncloc="28" packages="1" files="2" classes="2"/>
    <file name="workout-state-utils.ts" path="/workspace/app/(tabs)/utils/workout-state-utils.ts">
      <metrics statements="19" coveredstatements="19" conditionals="15" coveredconditionals="15" methods="5" coveredmethods="5"/>
      <line num="21" count="15" type="cond" truecount="1" falsecount="0"/>
      <line num="31" count="3" type="stmt"/>
      <line num="41" count="3" type="stmt"/>
      <line num="47" count="1" type="stmt"/>
      <line num="48" count="7" type="cond" truecount="2" falsecount="0"/>
      <line num="49" count="1" type="stmt"/>
      <line num="52" count="6" type="stmt"/>
      <line num="60" count="6" type="cond" truecount="4" falsecount="0"/>
      <line num="61" count="2" type="stmt"/>
      <line num="64" count="6" type="stmt"/>
      <line num="67" count="1" type="stmt"/>
      <line num="68" count="5" type="cond" truecount="4" falsecount="0"/>
      <line num="69" count="2" type="stmt"/>
      <line num="78" count="3" type="cond" truecount="2" falsecount="0"/>
      <line num="79" count="3" type="stmt"/>
      <line num="80" count="3" type="stmt"/>
      <line num="81" count="3" type="cond" truecount="2" falsecount="0"/>
      <line num="82" count="3" type="stmt"/>
      <line num="84" count="3" type="stmt"/>
    </file>
    <file name="workout-utils-helpers.ts" path="/workspace/app/(tabs)/utils/workout-utils-helpers.ts">
      <metrics statements="9" coveredstatements="9" conditionals="32" coveredconditionals="31" methods="3" coveredmethods="3"/>
      <line num="11" count="1" type="cond" truecount="1" falsecount="0"/>
      <line num="12" count="18" type="stmt"/>
      <line num="13" count="18" type="stmt"/>
      <line num="27" count="1" type="stmt"/>
      <line num="28" count="6" type="cond" truecount="2" falsecount="0"/>
      <line num="29" count="1" type="stmt"/>
      <line num="31" count="5" type="stmt"/>
      <line num="34" count="1" type="stmt"/>
      <line num="35" count="17" type="stmt"/>
    </file>
  </project>
</coverage>
