<?xml version="1.0" encoding="UTF-8"?>
<coverage generated="1757144598744" clover="3.2.0">
  <project timestamp="1757144598744" name="All files">
    <metrics statements="54" coveredstatements="54" conditionals="63" coveredconditionals="61" methods="16" coveredmethods="16" elements="133" coveredelements="131" complexity="0" loc="54" ncloc="54" packages="2" files="3" classes="3"/>
    <package name="(tabs)">
      <metrics statements="26" coveredstatements="26" conditionals="16" coveredconditionals="15" methods="8" coveredmethods="8"/>
      <file name="workout.tsx" path="/Users/christianrayleovido/web3/moxito-react-native/app/(tabs)/workout.tsx">
        <metrics statements="26" coveredstatements="26" conditionals="16" coveredconditionals="15" methods="8" coveredmethods="8"/>
        <line num="15" count="30" type="stmt"/>
        <line num="16" count="29" type="stmt"/>
        <line num="17" count="29" type="stmt"/>
        <line num="18" count="29" type="stmt"/>
        <line num="19" count="29" type="stmt"/>
        <line num="21" count="29" type="stmt"/>
        <line num="22" count="9" type="stmt"/>
        <line num="23" count="9" type="stmt"/>
        <line num="24" count="9" type="stmt"/>
        <line num="27" count="9" type="stmt"/>
        <line num="28" count="8" type="stmt"/>
        <line num="29" count="8" type="stmt"/>
        <line num="31" count="8" type="stmt"/>
        <line num="44" count="8" type="stmt"/>
        <line num="47" count="9" type="stmt"/>
        <line num="50" count="29" type="stmt"/>
        <line num="51" count="4" type="stmt"/>
        <line num="52" count="4" type="cond" truecount="1" falsecount="1"/>
        <line num="53" count="4" type="stmt"/>
        <line num="54" count="4" type="stmt"/>
        <line num="58" count="29" type="stmt"/>
        <line num="59" count="22" type="stmt"/>
        <line num="60" count="22" type="cond" truecount="2" falsecount="0"/>
        <line num="61" count="9" type="stmt"/>
        <line num="66" count="29" type="stmt"/>
        <line num="137" count="1" type="stmt"/>
      </file>
    </package>
    <package name="(tabs).utils">
      <metrics statements="28" coveredstatements="28" conditionals="47" coveredconditionals="46" methods="8" coveredmethods="8"/>
      <file name="workout-state-utils.ts" path="/Users/christianrayleovido/web3/moxito-react-native/app/(tabs)/utils/workout-state-utils.ts">
        <metrics statements="19" coveredstatements="19" conditionals="15" coveredconditionals="15" methods="5" coveredmethods="5"/>
        <line num="21" count="15" type="cond" truecount="1" falsecount="0"/>
        <line num="31" count="3" type="stmt"/>
        <line num="41" count="3" type="stmt"/>
        <line num="47" count="1" type="stmt"/>
        <line num="48" count="7" type="cond" truecount="2" falsecount="0"/>
        <line num="49" count="1" type="stmt"/>
        <line num="52" count="6" type="stmt"/>
        <line num="60" count="6" type="cond" truecount="4" falsecount="0"/>
        <line num="61" count="2" type="stmt"/>
        <line num="64" count="6" type="stmt"/>
        <line num="67" count="1" type="stmt"/>
        <line num="68" count="5" type="cond" truecount="4" falsecount="0"/>
        <line num="69" count="2" type="stmt"/>
        <line num="78" count="3" type="cond" truecount="2" falsecount="0"/>
        <line num="79" count="3" type="stmt"/>
        <line num="80" count="3" type="stmt"/>
        <line num="81" count="3" type="cond" truecount="2" falsecount="0"/>
        <line num="82" count="3" type="stmt"/>
        <line num="84" count="3" type="stmt"/>
      </file>
      <file name="workout-utils-helpers.ts" path="/Users/christianrayleovido/web3/moxito-react-native/app/(tabs)/utils/workout-utils-helpers.ts">
        <metrics statements="9" coveredstatements="9" conditionals="32" coveredconditionals="31" methods="3" coveredmethods="3"/>
        <line num="11" count="1" type="cond" truecount="1" falsecount="0"/>
        <line num="12" count="18" type="stmt"/>
        <line num="13" count="18" type="stmt"/>
        <line num="27" count="1" type="stmt"/>
        <line num="28" count="6" type="cond" truecount="2" falsecount="0"/>
        <line num="29" count="1" type="stmt"/>
        <line num="31" count="5" type="stmt"/>
        <line num="34" count="1" type="stmt"/>
        <line num="35" count="17" type="stmt"/>
      </file>
    </package>
  </project>
</coverage>
