{"/workspace/app/(tabs)/utils/workout-state-utils.ts": {"path":"/workspace/app/(tabs)/utils/workout-state-utils.ts","statementMap":{"0":{"start":{"line":21,"column":41},"end":{"line":29,"column":2}},"1":{"start":{"line":21,"column":89},"end":{"line":29,"column":1}},"2":{"start":{"line":31,"column":28},"end":{"line":39,"column":2}},"3":{"start":{"line":31,"column":68},"end":{"line":39,"column":1}},"4":{"start":{"line":41,"column":27},"end":{"line":45,"column":2}},"5":{"start":{"line":41,"column":67},"end":{"line":45,"column":1}},"6":{"start":{"line":47,"column":32},"end":{"line":65,"column":1}},"7":{"start":{"line":48,"column":2},"end":{"line":50,"column":3}},"8":{"start":{"line":49,"column":4},"end":{"line":49,"column":17}},"9":{"start":{"line":52,"column":19},"end":{"line":57,"column":3}},"10":{"start":{"line":60,"column":2},"end":{"line":62,"column":3}},"11":{"start":{"line":61,"column":4},"end":{"line":61,"column":34}},"12":{"start":{"line":64,"column":2},"end":{"line":64,"column":18}},"13":{"start":{"line":67,"column":37},"end":{"line":91,"column":1}},"14":{"start":{"line":68,"column":2},"end":{"line":76,"column":3}},"15":{"start":{"line":69,"column":4},"end":{"line":75,"column":6}},"16":{"start":{"line":78,"column":19},"end":{"line":78,"column":68}},"17":{"start":{"line":79,"column":21},"end":{"line":79,"column":39}},"18":{"start":{"line":80,"column":24},"end":{"line":80,"column":45}},"19":{"start":{"line":81,"column":22},"end":{"line":81,"column":74}},"20":{"start":{"line":82,"column":23},"end":{"line":82,"column":80}},"21":{"start":{"line":84,"column":2},"end":{"line":90,"column":4}}},"fnMap":{"0":{"name":"(anonymous_0)","decl":{"start":{"line":21,"column":41},"end":{"line":21,"column":42}},"loc":{"start":{"line":21,"column":89},"end":{"line":29,"column":1}},"line":21},"1":{"name":"(anonymous_1)","decl":{"start":{"line":31,"column":28},"end":{"line":31,"column":29}},"loc":{"start":{"line":31,"column":68},"end":{"line":39,"column":1}},"line":31},"2":{"name":"(anonymous_2)","decl":{"start":{"line":41,"column":27},"end":{"line":41,"column":28}},"loc":{"start":{"line":41,"column":67},"end":{"line":45,"column":1}},"line":41},"3":{"name":"(anonymous_3)","decl":{"start":{"line":47,"column":32},"end":{"line":47,"column":33}},"loc":{"start":{"line":47,"column":94},"end":{"line":65,"column":1}},"line":47},"4":{"name":"(anonymous_4)","decl":{"start":{"line":67,"column":37},"end":{"line":67,"column":38}},"loc":{"start":{"line":67,"column":62},"end":{"line":91,"column":1}},"line":67}},"branchMap":{"0":{"loc":{"start":{"line":21,"column":42},"end":{"line":21,"column":69}},"type":"default-arg","locations":[{"start":{"line":21,"column":65},"end":{"line":21,"column":69}}],"line":21},"1":{"loc":{"start":{"line":48,"column":2},"end":{"line":50,"column":3}},"type":"if","locations":[{"start":{"line":48,"column":2},"end":{"line":50,"column":3}},{"start":{},"end":{}}],"line":48},"2":{"loc":{"start":{"line":60,"column":2},"end":{"line":62,"column":3}},"type":"if","locations":[{"start":{"line":60,"column":2},"end":{"line":62,"column":3}},{"start":{},"end":{}}],"line":60},"3":{"loc":{"start":{"line":60,"column":6},"end":{"line":60,"column":73}},"type":"binary-expr","locations":[{"start":{"line":60,"column":6},"end":{"line":60,"column":49}},{"start":{"line":60,"column":53},"end":{"line":60,"column":73}}],"line":60},"4":{"loc":{"start":{"line":68,"column":2},"end":{"line":76,"column":3}},"type":"if","locations":[{"start":{"line":68,"column":2},"end":{"line":76,"column":3}},{"start":{},"end":{}}],"line":68},"5":{"loc":{"start":{"line":68,"column":6},"end":{"line":68,"column":52}},"type":"binary-expr","locations":[{"start":{"line":68,"column":6},"end":{"line":68,"column":22}},{"start":{"line":68,"column":26},"end":{"line":68,"column":52}}],"line":68},"6":{"loc":{"start":{"line":78,"column":19},"end":{"line":78,"column":68}},"type":"cond-expr","locations":[{"start":{"line":78,"column":36},"end":{"line":78,"column":64}},{"start":{"line":78,"column":67},"end":{"line":78,"column":68}}],"line":78},"7":{"loc":{"start":{"line":81,"column":22},"end":{"line":81,"column":74}},"type":"cond-expr","locations":[{"start":{"line":81,"column":37},"end":{"line":81,"column":70}},{"start":{"line":81,"column":73},"end":{"line":81,"column":74}}],"line":81}},"s":{"0":1,"1":15,"2":1,"3":3,"4":1,"5":3,"6":1,"7":7,"8":1,"9":6,"10":6,"11":2,"12":6,"13":1,"14":5,"15":2,"16":3,"17":3,"18":3,"19":3,"20":3,"21":3},"f":{"0":15,"1":3,"2":3,"3":7,"4":5},"b":{"0":[8],"1":[1,6],"2":[2,4],"3":[6,3],"4":[2,3],"5":[5,4],"6":[2,1],"7":[2,1]},"_coverageSchema":"1a1c01bbd47fc00a2c39e90264f33305004495a9","hash":"c1879edc2c9273916bb66357332d858bbc4dc8e5"}
,"/workspace/app/(tabs)/utils/workout-utils-helpers.ts": {"path":"/workspace/app/(tabs)/utils/workout-utils-helpers.ts","statementMap":{"0":{"start":{"line":11,"column":41},"end":{"line":25,"column":1}},"1":{"start":{"line":12,"column":14},"end":{"line":12,"column":24}},"2":{"start":{"line":13,"column":2},"end":{"line":24,"column":4}},"3":{"start":{"line":27,"column":29},"end":{"line":32,"column":1}},"4":{"start":{"line":28,"column":2},"end":{"line":30,"column":3}},"5":{"start":{"line":29,"column":4},"end":{"line":29,"column":13}},"6":{"start":{"line":31,"column":2},"end":{"line":31,"column":41}},"7":{"start":{"line":34,"column":37},"end":{"line":51,"column":1}},"8":{"start":{"line":35,"column":2},"end":{"line":50,"column":4}}},"fnMap":{"0":{"name":"(anonymous_0)","decl":{"start":{"line":11,"column":41},"end":{"line":11,"column":42}},"loc":{"start":{"line":11,"column":99},"end":{"line":25,"column":1}},"line":11},"1":{"name":"(anonymous_1)","decl":{"start":{"line":27,"column":29},"end":{"line":27,"column":30}},"loc":{"start":{"line":27,"column":89},"end":{"line":32,"column":1}},"line":27},"2":{"name":"(anonymous_2)","decl":{"start":{"line":34,"column":37},"end":{"line":34,"column":38}},"loc":{"start":{"line":34,"column":73},"end":{"line":51,"column":1}},"line":34}},"branchMap":{"0":{"loc":{"start":{"line":11,"column":42},"end":{"line":11,"column":79}},"type":"default-arg","locations":[{"start":{"line":11,"column":77},"end":{"line":11,"column":79}}],"line":11},"1":{"loc":{"start":{"line":14,"column":8},"end":{"line":14,"column":26}},"type":"binary-expr","locations":[{"start":{"line":14,"column":8},"end":{"line":14,"column":19}},{"start":{"line":14,"column":23},"end":{"line":14,"column":26}}],"line":14},"2":{"loc":{"start":{"line":15,"column":11},"end":{"line":15,"column":65}},"type":"binary-expr","locations":[{"start":{"line":15,"column":11},"end":{"line":15,"column":25}},{"start":{"line":15,"column":29},"end":{"line":15,"column":65}}],"line":15},"3":{"loc":{"start":{"line":16,"column":20},"end":{"line":16,"column":71}},"type":"binary-expr","locations":[{"start":{"line":16,"column":20},"end":{"line":16,"column":43}},{"start":{"line":16,"column":47},"end":{"line":16,"column":71}}],"line":16},"4":{"loc":{"start":{"line":17,"column":10},"end":{"line":17,"column":48}},"type":"binary-expr","locations":[{"start":{"line":17,"column":10},"end":{"line":17,"column":23}},{"start":{"line":17,"column":27},"end":{"line":17,"column":48}}],"line":17},"5":{"loc":{"start":{"line":18,"column":14},"end":{"line":22,"column":5}},"type":"binary-expr","locations":[{"start":{"line":18,"column":14},"end":{"line":18,"column":31}},{"start":{"line":18,"column":35},"end":{"line":22,"column":5}}],"line":18},"6":{"loc":{"start":{"line":23,"column":12},"end":{"line":23,"column":36}},"type":"binary-expr","locations":[{"start":{"line":23,"column":12},"end":{"line":23,"column":27}},{"start":{"line":23,"column":31},"end":{"line":23,"column":36}}],"line":23},"7":{"loc":{"start":{"line":28,"column":2},"end":{"line":30,"column":3}},"type":"if","locations":[{"start":{"line":28,"column":2},"end":{"line":30,"column":3}},{"start":{},"end":{}}],"line":28},"8":{"loc":{"start":{"line":36,"column":4},"end":{"line":49,"column":60}},"type":"binary-expr","locations":[{"start":{"line":36,"column":4},"end":{"line":36,"column":33}},{"start":{"line":37,"column":4},"end":{"line":37,"column":17}},{"start":{"line":38,"column":4},"end":{"line":38,"column":36}},{"start":{"line":39,"column":4},"end":{"line":39,"column":21}},{"start":{"line":40,"column":4},"end":{"line":40,"column":45}},{"start":{"line":41,"column":4},"end":{"line":41,"column":30}},{"start":{"line":42,"column":5},"end":{"line":42,"column":30}},{"start":{"line":42,"column":35},"end":{"line":42,"column":66}},{"start":{"line":42,"column":70},"end":{"line":42,"column":86}},{"start":{"line":43,"column":5},"end":{"line":43,"column":29}},{"start":{"line":44,"column":7},"end":{"line":44,"column":22}},{"start":{"line":45,"column":8},"end":{"line":45,"column":47}},{"start":{"line":46,"column":8},"end":{"line":46,"column":47}},{"start":{"line":47,"column":8},"end":{"line":47,"column":52}},{"start":{"line":48,"column":8},"end":{"line":48,"column":36}},{"start":{"line":49,"column":5},"end":{"line":49,"column":28}},{"start":{"line":49,"column":32},"end":{"line":49,"column":59}}],"line":36}},"s":{"0":1,"1":18,"2":18,"3":1,"4":6,"5":1,"6":5,"7":1,"8":17},"f":{"0":18,"1":6,"2":17},"b":{"0":[2],"1":[18,13],"2":[18,2],"3":[18,2],"4":[18,18],"5":[18,18],"6":[18,17],"7":[1,5],"8":[17,17,16,16,15,15,14,11,11,14,13,12,11,11,11,12,0]},"_coverageSchema":"1a1c01bbd47fc00a2c39e90264f33305004495a9","hash":"0e952a14e140355d032fc9a1ebcb91c1d2f80202"}
}
