{"/Users/christianrayleovido/web3/moxito-react-native/app/(tabs)/workout.tsx": {"path":"/Users/christianrayleovido/web3/moxito-react-native/app/(tabs)/workout.tsx","statementMap":{"0":{"start":{"line":15,"column":48},"end":{"line":15,"column":63}},"1":{"start":{"line":16,"column":40},"end":{"line":16,"column":76}},"2":{"start":{"line":17,"column":36},"end":{"line":17,"column":47}},"3":{"start":{"line":18,"column":34},"end":{"line":18,"column":45}},"4":{"start":{"line":19,"column":48},"end":{"line":19,"column":85}},"5":{"start":{"line":21,"column":23},"end":{"line":48,"column":3}},"6":{"start":{"line":22,"column":4},"end":{"line":22,"column":29}},"7":{"start":{"line":23,"column":4},"end":{"line":23,"column":20}},"8":{"start":{"line":24,"column":4},"end":{"line":24,"column":19}},"9":{"start":{"line":27,"column":21},"end":{"line":45,"column":12}},"10":{"start":{"line":28,"column":6},"end":{"line":28,"column":71}},"11":{"start":{"line":28,"column":29},"end":{"line":28,"column":69}},"12":{"start":{"line":29,"column":6},"end":{"line":29,"column":58}},"13":{"start":{"line":29,"column":28},"end":{"line":29,"column":56}},"14":{"start":{"line":31,"column":36},"end":{"line":42,"column":7}},"15":{"start":{"line":44,"column":6},"end":{"line":44,"column":29}},"16":{"start":{"line":47,"column":4},"end":{"line":47,"column":33}},"17":{"start":{"line":50,"column":22},"end":{"line":56,"column":3}},"18":{"start":{"line":51,"column":4},"end":{"line":51,"column":30}},"19":{"start":{"line":52,"column":4},"end":{"line":55,"column":5}},"20":{"start":{"line":53,"column":6},"end":{"line":53,"column":37}},"21":{"start":{"line":54,"column":6},"end":{"line":54,"column":31}},"22":{"start":{"line":58,"column":2},"end":{"line":64,"column":24}},"23":{"start":{"line":59,"column":4},"end":{"line":63,"column":6}},"24":{"start":{"line":60,"column":6},"end":{"line":62,"column":7}},"25":{"start":{"line":61,"column":8},"end":{"line":61,"column":39}},"26":{"start":{"line":66,"column":2},"end":{"line":134,"column":4}},"27":{"start":{"line":137,"column":15},"end":{"line":207,"column":2}}},"fnMap":{"0":{"name":"WorkoutScreen","decl":{"start":{"line":14,"column":24},"end":{"line":14,"column":37}},"loc":{"start":{"line":14,"column":40},"end":{"line":135,"column":1}},"line":14},"1":{"name":"(anonymous_1)","decl":{"start":{"line":21,"column":23},"end":{"line":21,"column":24}},"loc":{"start":{"line":21,"column":29},"end":{"line":48,"column":3}},"line":21},"2":{"name":"(anonymous_2)","decl":{"start":{"line":27,"column":33},"end":{"line":27,"column":34}},"loc":{"start":{"line":27,"column":39},"end":{"line":45,"column":5}},"line":27},"3":{"name":"(anonymous_3)","decl":{"start":{"line":28,"column":19},"end":{"line":28,"column":20}},"loc":{"start":{"line":28,"column":29},"end":{"line":28,"column":69}},"line":28},"4":{"name":"(anonymous_4)","decl":{"start":{"line":29,"column":18},"end":{"line":29,"column":19}},"loc":{"start":{"line":29,"column":28},"end":{"line":29,"column":56}},"line":29},"5":{"name":"(anonymous_5)","decl":{"start":{"line":50,"column":22},"end":{"line":50,"column":23}},"loc":{"start":{"line":50,"column":28},"end":{"line":56,"column":3}},"line":50},"6":{"name":"(anonymous_6)","decl":{"start":{"line":58,"column":12},"end":{"line":58,"column":13}},"loc":{"start":{"line":58,"column":18},"end":{"line":64,"column":3}},"line":58},"7":{"name":"(anonymous_7)","decl":{"start":{"line":59,"column":11},"end":{"line":59,"column":12}},"loc":{"start":{"line":59,"column":17},"end":{"line":63,"column":5}},"line":59}},"branchMap":{"0":{"loc":{"start":{"line":52,"column":4},"end":{"line":55,"column":5}},"type":"if","locations":[{"start":{"line":52,"column":4},"end":{"line":55,"column":5}},{"start":{},"end":{}}],"line":52},"1":{"loc":{"start":{"line":60,"column":6},"end":{"line":62,"column":7}},"type":"if","locations":[{"start":{"line":60,"column":6},"end":{"line":62,"column":7}},{"start":{},"end":{}}],"line":60},"2":{"loc":{"start":{"line":75,"column":13},"end":{"line":83,"column":13}},"type":"cond-expr","locations":[{"start":{"line":76,"column":14},"end":{"line":78,"column":26}},{"start":{"line":80,"column":14},"end":{"line":82,"column":26}}],"line":75},"3":{"loc":{"start":{"line":94,"column":28},"end":{"line":94,"column":66}},"type":"cond-expr","locations":[{"start":{"line":94,"column":46},"end":{"line":94,"column":54}},{"start":{"line":94,"column":57},"end":{"line":94,"column":66}}],"line":94},"4":{"loc":{"start":{"line":100,"column":9},"end":{"line":123,"column":9}},"type":"binary-expr","locations":[{"start":{"line":100,"column":9},"end":{"line":100,"column":20}},{"start":{"line":101,"column":10},"end":{"line":122,"column":17}}],"line":100},"5":{"loc":{"start":{"line":111,"column":15},"end":{"line":113,"column":15}},"type":"binary-expr","locations":[{"start":{"line":111,"column":15},"end":{"line":111,"column":31}},{"start":{"line":112,"column":16},"end":{"line":112,"column":95}}],"line":111},"6":{"loc":{"start":{"line":114,"column":15},"end":{"line":119,"column":15}},"type":"binary-expr","locations":[{"start":{"line":114,"column":15},"end":{"line":114,"column":35}},{"start":{"line":115,"column":16},"end":{"line":118,"column":23}}],"line":114},"7":{"loc":{"start":{"line":129,"column":22},"end":{"line":129,"column":67}},"type":"cond-expr","locations":[{"start":{"line":129,"column":40},"end":{"line":129,"column":51}},{"start":{"line":129,"column":54},"end":{"line":129,"column":67}}],"line":129}},"s":{"0":30,"1":29,"2":29,"3":29,"4":29,"5":29,"6":9,"7":9,"8":9,"9":9,"10":8,"11":8,"12":8,"13":8,"14":8,"15":8,"16":9,"17":29,"18":4,"19":4,"20":4,"21":4,"22":29,"23":22,"24":22,"25":9,"26":29,"27":1},"f":{"0":30,"1":9,"2":8,"3":8,"4":8,"5":4,"6":22,"7":22},"b":{"0":[4,0],"1":[9,13],"2":[13,16],"3":[16,13],"4":[29,9],"5":[9,9],"6":[9,9],"7":[16,13]},"_coverageSchema":"1a1c01bbd47fc00a2c39e90264f33305004495a9","hash":"13f869c2323bf277c2904258dc65c356a68169c0"}
,"/Users/christianrayleovido/web3/moxito-react-native/app/(tabs)/utils/workout-state-utils.ts": {"path":"/Users/christianrayleovido/web3/moxito-react-native/app/(tabs)/utils/workout-state-utils.ts","statementMap":{"0":{"start":{"line":21,"column":41},"end":{"line":29,"column":2}},"1":{"start":{"line":21,"column":89},"end":{"line":29,"column":1}},"2":{"start":{"line":31,"column":28},"end":{"line":39,"column":2}},"3":{"start":{"line":31,"column":68},"end":{"line":39,"column":1}},"4":{"start":{"line":41,"column":27},"end":{"line":45,"column":2}},"5":{"start":{"line":41,"column":67},"end":{"line":45,"column":1}},"6":{"start":{"line":47,"column":32},"end":{"line":65,"column":1}},"7":{"start":{"line":48,"column":2},"end":{"line":50,"column":3}},"8":{"start":{"line":49,"column":4},"end":{"line":49,"column":17}},"9":{"start":{"line":52,"column":19},"end":{"line":57,"column":3}},"10":{"start":{"line":60,"column":2},"end":{"line":62,"column":3}},"11":{"start":{"line":61,"column":4},"end":{"line":61,"column":34}},"12":{"start":{"line":64,"column":2},"end":{"line":64,"column":18}},"13":{"start":{"line":67,"column":37},"end":{"line":91,"column":1}},"14":{"start":{"line":68,"column":2},"end":{"line":76,"column":3}},"15":{"start":{"line":69,"column":4},"end":{"line":75,"column":6}},"16":{"start":{"line":78,"column":19},"end":{"line":78,"column":68}},"17":{"start":{"line":79,"column":21},"end":{"line":79,"column":39}},"18":{"start":{"line":80,"column":24},"end":{"line":80,"column":45}},"19":{"start":{"line":81,"column":22},"end":{"line":81,"column":74}},"20":{"start":{"line":82,"column":23},"end":{"line":82,"column":80}},"21":{"start":{"line":84,"column":2},"end":{"line":90,"column":4}}},"fnMap":{"0":{"name":"(anonymous_0)","decl":{"start":{"line":21,"column":41},"end":{"line":21,"column":42}},"loc":{"start":{"line":21,"column":89},"end":{"line":29,"column":1}},"line":21},"1":{"name":"(anonymous_1)","decl":{"start":{"line":31,"column":28},"end":{"line":31,"column":29}},"loc":{"start":{"line":31,"column":68},"end":{"line":39,"column":1}},"line":31},"2":{"name":"(anonymous_2)","decl":{"start":{"line":41,"column":27},"end":{"line":41,"column":28}},"loc":{"start":{"line":41,"column":67},"end":{"line":45,"column":1}},"line":41},"3":{"name":"(anonymous_3)","decl":{"start":{"line":47,"column":32},"end":{"line":47,"column":33}},"loc":{"start":{"line":47,"column":94},"end":{"line":65,"column":1}},"line":47},"4":{"name":"(anonymous_4)","decl":{"start":{"line":67,"column":37},"end":{"line":67,"column":38}},"loc":{"start":{"line":67,"column":62},"end":{"line":91,"column":1}},"line":67}},"branchMap":{"0":{"loc":{"start":{"line":21,"column":42},"end":{"line":21,"column":69}},"type":"default-arg","locations":[{"start":{"line":21,"column":65},"end":{"line":21,"column":69}}],"line":21},"1":{"loc":{"start":{"line":48,"column":2},"end":{"line":50,"column":3}},"type":"if","locations":[{"start":{"line":48,"column":2},"end":{"line":50,"column":3}},{"start":{},"end":{}}],"line":48},"2":{"loc":{"start":{"line":60,"column":2},"end":{"line":62,"column":3}},"type":"if","locations":[{"start":{"line":60,"column":2},"end":{"line":62,"column":3}},{"start":{},"end":{}}],"line":60},"3":{"loc":{"start":{"line":60,"column":6},"end":{"line":60,"column":73}},"type":"binary-expr","locations":[{"start":{"line":60,"column":6},"end":{"line":60,"column":49}},{"start":{"line":60,"column":53},"end":{"line":60,"column":73}}],"line":60},"4":{"loc":{"start":{"line":68,"column":2},"end":{"line":76,"column":3}},"type":"if","locations":[{"start":{"line":68,"column":2},"end":{"line":76,"column":3}},{"start":{},"end":{}}],"line":68},"5":{"loc":{"start":{"line":68,"column":6},"end":{"line":68,"column":52}},"type":"binary-expr","locations":[{"start":{"line":68,"column":6},"end":{"line":68,"column":22}},{"start":{"line":68,"column":26},"end":{"line":68,"column":52}}],"line":68},"6":{"loc":{"start":{"line":78,"column":19},"end":{"line":78,"column":68}},"type":"cond-expr","locations":[{"start":{"line":78,"column":36},"end":{"line":78,"column":64}},{"start":{"line":78,"column":67},"end":{"line":78,"column":68}}],"line":78},"7":{"loc":{"start":{"line":81,"column":22},"end":{"line":81,"column":74}},"type":"cond-expr","locations":[{"start":{"line":81,"column":37},"end":{"line":81,"column":70}},{"start":{"line":81,"column":73},"end":{"line":81,"column":74}}],"line":81}},"s":{"0":1,"1":15,"2":1,"3":3,"4":1,"5":3,"6":1,"7":7,"8":1,"9":6,"10":6,"11":2,"12":6,"13":1,"14":5,"15":2,"16":3,"17":3,"18":3,"19":3,"20":3,"21":3},"f":{"0":15,"1":3,"2":3,"3":7,"4":5},"b":{"0":[8],"1":[1,6],"2":[2,4],"3":[6,3],"4":[2,3],"5":[5,4],"6":[2,1],"7":[2,1]},"_coverageSchema":"1a1c01bbd47fc00a2c39e90264f33305004495a9","hash":"4871b496bb8bdf59c807dde7dab24246ba196223"}
,"/Users/christianrayleovido/web3/moxito-react-native/app/(tabs)/utils/workout-utils-helpers.ts": {"path":"/Users/christianrayleovido/web3/moxito-react-native/app/(tabs)/utils/workout-utils-helpers.ts","statementMap":{"0":{"start":{"line":11,"column":41},"end":{"line":25,"column":1}},"1":{"start":{"line":12,"column":14},"end":{"line":12,"column":24}},"2":{"start":{"line":13,"column":2},"end":{"line":24,"column":4}},"3":{"start":{"line":27,"column":29},"end":{"line":32,"column":1}},"4":{"start":{"line":28,"column":2},"end":{"line":30,"column":3}},"5":{"start":{"line":29,"column":4},"end":{"line":29,"column":13}},"6":{"start":{"line":31,"column":2},"end":{"line":31,"column":41}},"7":{"start":{"line":34,"column":37},"end":{"line":51,"column":1}},"8":{"start":{"line":35,"column":2},"end":{"line":50,"column":4}}},"fnMap":{"0":{"name":"(anonymous_0)","decl":{"start":{"line":11,"column":41},"end":{"line":11,"column":42}},"loc":{"start":{"line":11,"column":99},"end":{"line":25,"column":1}},"line":11},"1":{"name":"(anonymous_1)","decl":{"start":{"line":27,"column":29},"end":{"line":27,"column":30}},"loc":{"start":{"line":27,"column":89},"end":{"line":32,"column":1}},"line":27},"2":{"name":"(anonymous_2)","decl":{"start":{"line":34,"column":37},"end":{"line":34,"column":38}},"loc":{"start":{"line":34,"column":73},"end":{"line":51,"column":1}},"line":34}},"branchMap":{"0":{"loc":{"start":{"line":11,"column":42},"end":{"line":11,"column":79}},"type":"default-arg","locations":[{"start":{"line":11,"column":77},"end":{"line":11,"column":79}}],"line":11},"1":{"loc":{"start":{"line":14,"column":8},"end":{"line":14,"column":26}},"type":"binary-expr","locations":[{"start":{"line":14,"column":8},"end":{"line":14,"column":19}},{"start":{"line":14,"column":23},"end":{"line":14,"column":26}}],"line":14},"2":{"loc":{"start":{"line":15,"column":11},"end":{"line":15,"column":65}},"type":"binary-expr","locations":[{"start":{"line":15,"column":11},"end":{"line":15,"column":25}},{"start":{"line":15,"column":29},"end":{"line":15,"column":65}}],"line":15},"3":{"loc":{"start":{"line":16,"column":20},"end":{"line":16,"column":71}},"type":"binary-expr","locations":[{"start":{"line":16,"column":20},"end":{"line":16,"column":43}},{"start":{"line":16,"column":47},"end":{"line":16,"column":71}}],"line":16},"4":{"loc":{"start":{"line":17,"column":10},"end":{"line":17,"column":48}},"type":"binary-expr","locations":[{"start":{"line":17,"column":10},"end":{"line":17,"column":23}},{"start":{"line":17,"column":27},"end":{"line":17,"column":48}}],"line":17},"5":{"loc":{"start":{"line":18,"column":14},"end":{"line":22,"column":5}},"type":"binary-expr","locations":[{"start":{"line":18,"column":14},"end":{"line":18,"column":31}},{"start":{"line":18,"column":35},"end":{"line":22,"column":5}}],"line":18},"6":{"loc":{"start":{"line":23,"column":12},"end":{"line":23,"column":36}},"type":"binary-expr","locations":[{"start":{"line":23,"column":12},"end":{"line":23,"column":27}},{"start":{"line":23,"column":31},"end":{"line":23,"column":36}}],"line":23},"7":{"loc":{"start":{"line":28,"column":2},"end":{"line":30,"column":3}},"type":"if","locations":[{"start":{"line":28,"column":2},"end":{"line":30,"column":3}},{"start":{},"end":{}}],"line":28},"8":{"loc":{"start":{"line":36,"column":4},"end":{"line":49,"column":60}},"type":"binary-expr","locations":[{"start":{"line":36,"column":4},"end":{"line":36,"column":33}},{"start":{"line":37,"column":4},"end":{"line":37,"column":17}},{"start":{"line":38,"column":4},"end":{"line":38,"column":36}},{"start":{"line":39,"column":4},"end":{"line":39,"column":21}},{"start":{"line":40,"column":4},"end":{"line":40,"column":45}},{"start":{"line":41,"column":4},"end":{"line":41,"column":30}},{"start":{"line":42,"column":5},"end":{"line":42,"column":30}},{"start":{"line":42,"column":35},"end":{"line":42,"column":66}},{"start":{"line":42,"column":70},"end":{"line":42,"column":86}},{"start":{"line":43,"column":5},"end":{"line":43,"column":29}},{"start":{"line":44,"column":7},"end":{"line":44,"column":22}},{"start":{"line":45,"column":8},"end":{"line":45,"column":47}},{"start":{"line":46,"column":8},"end":{"line":46,"column":47}},{"start":{"line":47,"column":8},"end":{"line":47,"column":52}},{"start":{"line":48,"column":8},"end":{"line":48,"column":36}},{"start":{"line":49,"column":5},"end":{"line":49,"column":28}},{"start":{"line":49,"column":32},"end":{"line":49,"column":59}}],"line":36}},"s":{"0":1,"1":18,"2":18,"3":1,"4":6,"5":1,"6":5,"7":1,"8":17},"f":{"0":18,"1":6,"2":17},"b":{"0":[2],"1":[18,13],"2":[18,2],"3":[18,2],"4":[18,18],"5":[18,18],"6":[18,17],"7":[1,5],"8":[17,17,16,16,15,15,14,11,11,14,13,12,11,11,11,12,0]},"_coverageSchema":"1a1c01bbd47fc00a2c39e90264f33305004495a9","hash":"3ad1e11775e98592db8cd4062ce4a5471e545b87"}
}
