TN:
SF:app/(tabs)/utils/workout-state-utils.ts
FN:21,(anonymous_0)
FN:31,(anonymous_1)
FN:41,(anonymous_2)
FN:47,(anonymous_3)
FN:67,(anonymous_4)
FNF:5
FNH:5
FNDA:15,(anonymous_0)
FNDA:3,(anonymous_1)
FNDA:3,(anonymous_2)
FNDA:7,(anonymous_3)
FNDA:5,(anonymous_4)
DA:21,15
DA:31,3
DA:41,3
DA:47,1
DA:48,7
DA:49,1
DA:52,6
DA:60,6
DA:61,2
DA:64,6
DA:67,1
DA:68,5
DA:69,2
DA:78,3
DA:79,3
DA:80,3
DA:81,3
DA:82,3
DA:84,3
LF:19
LH:19
BRDA:21,0,0,8
BRDA:48,1,0,1
BRDA:48,1,1,6
BRDA:60,2,0,2
BRDA:60,2,1,4
BRDA:60,3,0,6
BRDA:60,3,1,3
BRDA:68,4,0,2
BRDA:68,4,1,3
BRDA:68,5,0,5
BRDA:68,5,1,4
BRDA:78,6,0,2
BRDA:78,6,1,1
BRDA:81,7,0,2
BRDA:81,7,1,1
BRF:15
BRH:15
end_of_record
TN:
SF:app/(tabs)/utils/workout-utils-helpers.ts
FN:11,(anonymous_0)
FN:27,(anonymous_1)
FN:34,(anonymous_2)
FNF:3
FNH:3
FNDA:18,(anonymous_0)
FNDA:6,(anonymous_1)
FNDA:17,(anonymous_2)
DA:11,1
DA:12,18
DA:13,18
DA:27,1
DA:28,6
DA:29,1
DA:31,5
DA:34,1
DA:35,17
LF:9
LH:9
BRDA:11,0,0,2
BRDA:14,1,0,18
BRDA:14,1,1,13
BRDA:15,2,0,18
BRDA:15,2,1,2
BRDA:16,3,0,18
BRDA:16,3,1,2
BRDA:17,4,0,18
BRDA:17,4,1,18
BRDA:18,5,0,18
BRDA:18,5,1,18
BRDA:23,6,0,18
BRDA:23,6,1,17
BRDA:28,7,0,1
BRDA:28,7,1,5
BRDA:36,8,0,17
BRDA:36,8,1,17
BRDA:36,8,2,16
BRDA:36,8,3,16
BRDA:36,8,4,15
BRDA:36,8,5,15
BRDA:36,8,6,14
BRDA:36,8,7,11
BRDA:36,8,8,11
BRDA:36,8,9,14
BRDA:36,8,10,13
BRDA:36,8,11,12
BRDA:36,8,12,11
BRDA:36,8,13,11
BRDA:36,8,14,11
BRDA:36,8,15,12
BRDA:36,8,16,0
BRF:32
BRH:31
end_of_record
